6) aesRoundKeys - KeyHex: 5468617473206D79204B756E67204675
22) toMatrix - value: 5468617473206D79204B756E67204675
7) aesRoundKeys - Ke - toMatrix: [[54, 68, 61, 74], [73, 20, 6D, 79], [20, 4B, 75, 6E], [67, 20, 46, 75]]
14) aesRcon - round: 1
9) rcon - aesRcon: 01
12) aesSBox - inHex: 20
16) XorHex - hex: [01, B7]
12) aesSBox - inHex: 46
12) aesSBox - inHex: 75
12) aesSBox - inHex: 67
10) Wnew - XorHex: [B6, 5A, 9D, 85]
16) XorHex - hex: [54, B6]
16) XorHex - hex: [68, 5A]
16) XorHex - hex: [61, 9D]
16) XorHex - hex: [74, 85]
16) XorHex - hex: [73, E2]
16) XorHex - hex: [20, 32]
16) XorHex - hex: [6D, FC]
16) XorHex - hex: [79, F1]
16) XorHex - hex: [20, 91]
16) XorHex - hex: [4B, 12]
16) XorHex - hex: [75, 91]
16) XorHex - hex: [6E, 88]
16) XorHex - hex: [67, B1]
16) XorHex - hex: [20, 59]
16) XorHex - hex: [46, E4]
16) XorHex - hex: [75, E6]
14) aesRcon - round: 2
9) rcon - aesRcon: 02
12) aesSBox - inHex: 79
16) XorHex - hex: [02, B6]
12) aesSBox - inHex: A2
12) aesSBox - inHex: 93
12) aesSBox - inHex: D6
10) Wnew - XorHex: [B4, 3A, DC, F6]
16) XorHex - hex: [E2, B4]
16) XorHex - hex: [32, 3A]
16) XorHex - hex: [FC, DC]
16) XorHex - hex: [F1, F6]
16) XorHex - hex: [91, 56]
16) XorHex - hex: [12, 08]
16) XorHex - hex: [91, 20]
16) XorHex - hex: [88, 07]
16) XorHex - hex: [B1, C7]
16) XorHex - hex: [59, 1A]
16) XorHex - hex: [E4, B1]
16) XorHex - hex: [E6, 8F]
16) XorHex - hex: [D6, 76]
16) XorHex - hex: [79, 43]
16) XorHex - hex: [A2, 55]
16) XorHex - hex: [93, 69]
14) aesRcon - round: 3
9) rcon - aesRcon: 04
12) aesSBox - inHex: 3A
16) XorHex - hex: [04, 80]
12) aesSBox - inHex: F7
12) aesSBox - inHex: FA
12) aesSBox - inHex: A0
10) Wnew - XorHex: [84, 68, 2D, E0]
16) XorHex - hex: [56, 84]
16) XorHex - hex: [08, 68]
16) XorHex - hex: [20, 2D]
16) XorHex - hex: [07, E0]
16) XorHex - hex: [C7, D2]
16) XorHex - hex: [1A, 60]
16) XorHex - hex: [B1, 0D]
16) XorHex - hex: [8F, E7]
16) XorHex - hex: [76, 15]
16) XorHex - hex: [43, 7A]
16) XorHex - hex: [55, BC]
16) XorHex - hex: [69, 68]
16) XorHex - hex: [A0, 63]
16) XorHex - hex: [3A, 39]
16) XorHex - hex: [F7, E9]
16) XorHex - hex: [FA, 01]
14) aesRcon - round: 4
9) rcon - aesRcon: 08
12) aesSBox - inHex: 03
16) XorHex - hex: [08, 7B]
12) aesSBox - inHex: 1E
12) aesSBox - inHex: FB
12) aesSBox - inHex: C3
10) Wnew - XorHex: [73, 72, 0F, 2E]
16) XorHex - hex: [D2, 73]
16) XorHex - hex: [60, 72]
16) XorHex - hex: [0D, 0F]
16) XorHex - hex: [E7, 2E]
16) XorHex - hex: [15, A1]
16) XorHex - hex: [7A, 12]
16) XorHex - hex: [BC, 02]
16) XorHex - hex: [68, C9]
16) XorHex - hex: [63, B4]
16) XorHex - hex: [39, 68]
16) XorHex - hex: [E9, BE]
16) XorHex - hex: [01, A1]
16) XorHex - hex: [C3, D7]
16) XorHex - hex: [03, 51]
16) XorHex - hex: [1E, 57]
16) XorHex - hex: [FB, A0]
14) aesRcon - round: 5
9) rcon - aesRcon: 10
12) aesSBox - inHex: 52
16) XorHex - hex: [10, 00]
12) aesSBox - inHex: 49
12) aesSBox - inHex: 5B
12) aesSBox - inHex: 14
10) Wnew - XorHex: [10, 3B, 39, FA]
16) XorHex - hex: [A1, 10]
16) XorHex - hex: [12, 3B]
16) XorHex - hex: [02, 39]
16) XorHex - hex: [C9, FA]
16) XorHex - hex: [B4, B1]
16) XorHex - hex: [68, 29]
16) XorHex - hex: [BE, 3B]
16) XorHex - hex: [A1, 33]
16) XorHex - hex: [D7, 05]
16) XorHex - hex: [51, 41]
16) XorHex - hex: [57, 85]
16) XorHex - hex: [A0, 92]
16) XorHex - hex: [14, D2]
16) XorHex - hex: [52, 10]
16) XorHex - hex: [49, D2]
16) XorHex - hex: [5B, 32]
14) aesRcon - round: 6
9) rcon - aesRcon: 20
12) aesSBox - inHex: 42
16) XorHex - hex: [20, 2C]
12) aesSBox - inHex: 9B
12) aesSBox - inHex: 69
12) aesSBox - inHex: C6
10) Wnew - XorHex: [0C, 14, F9, B4]
16) XorHex - hex: [B1, 0C]
16) XorHex - hex: [29, 14]
16) XorHex - hex: [3B, F9]
16) XorHex - hex: [33, B4]
16) XorHex - hex: [05, BD]
16) XorHex - hex: [41, 3D]
16) XorHex - hex: [85, C2]
16) XorHex - hex: [92, 87]
16) XorHex - hex: [D2, B8]
16) XorHex - hex: [10, 7C]
16) XorHex - hex: [D2, 47]
16) XorHex - hex: [32, 15]
16) XorHex - hex: [C6, 6A]
16) XorHex - hex: [42, 6C]
16) XorHex - hex: [9B, 95]
16) XorHex - hex: [69, 27]
14) aesRcon - round: 7
9) rcon - aesRcon: 40
12) aesSBox - inHex: 2E
16) XorHex - hex: [40, 31]
12) aesSBox - inHex: 0E
12) aesSBox - inHex: 4E
12) aesSBox - inHex: AC
10) Wnew - XorHex: [71, AB, 2F, 91]
16) XorHex - hex: [BD, 71]
16) XorHex - hex: [3D, AB]
16) XorHex - hex: [C2, 2F]
16) XorHex - hex: [87, 91]
16) XorHex - hex: [B8, CC]
16) XorHex - hex: [7C, 96]
16) XorHex - hex: [47, ED]
16) XorHex - hex: [15, 16]
16) XorHex - hex: [6A, 74]
16) XorHex - hex: [6C, EA]
16) XorHex - hex: [95, AA]
16) XorHex - hex: [27, 03]
16) XorHex - hex: [AC, 1E]
16) XorHex - hex: [2E, 86]
16) XorHex - hex: [0E, 3F]
16) XorHex - hex: [4E, 24]
14) aesRcon - round: 8
9) rcon - aesRcon: 80
12) aesSBox - inHex: A8
16) XorHex - hex: [80, C2]
12) aesSBox - inHex: 31
12) aesSBox - inHex: 6A
12) aesSBox - inHex: B2
10) Wnew - XorHex: [42, C7, 02, 37]
16) XorHex - hex: [CC, 42]
16) XorHex - hex: [96, C7]
16) XorHex - hex: [ED, 02]
16) XorHex - hex: [16, 37]
16) XorHex - hex: [74, 8E]
16) XorHex - hex: [EA, 51]
16) XorHex - hex: [AA, EF]
16) XorHex - hex: [03, 21]
16) XorHex - hex: [1E, FA]
16) XorHex - hex: [86, BB]
16) XorHex - hex: [3F, 45]
16) XorHex - hex: [24, 22]
16) XorHex - hex: [B2, E4]
16) XorHex - hex: [A8, 3D]
16) XorHex - hex: [31, 7A]
16) XorHex - hex: [6A, 06]
14) aesRcon - round: 9
9) rcon - aesRcon: 1B
12) aesSBox - inHex: 95
16) XorHex - hex: [1B, 2A]
12) aesSBox - inHex: 4B
12) aesSBox - inHex: 6C
12) aesSBox - inHex: 56
10) Wnew - XorHex: [31, B3, 50, B1]
16) XorHex - hex: [8E, 31]
16) XorHex - hex: [51, B3]
16) XorHex - hex: [EF, 50]
16) XorHex - hex: [21, B1]
16) XorHex - hex: [FA, BF]
16) XorHex - hex: [BB, E2]
16) XorHex - hex: [45, BF]
16) XorHex - hex: [22, 90]
16) XorHex - hex: [E4, 45]
16) XorHex - hex: [3D, 59]
16) XorHex - hex: [7A, FA]
16) XorHex - hex: [06, B2]
16) XorHex - hex: [56, A1]
16) XorHex - hex: [95, 64]
16) XorHex - hex: [4B, 80]
16) XorHex - hex: [6C, B4]
14) aesRcon - round: 10
9) rcon - aesRcon: 36
12) aesSBox - inHex: F1
16) XorHex - hex: [36, A1]
12) aesSBox - inHex: CB
12) aesSBox - inHex: D8
12) aesSBox - inHex: F7
10) Wnew - XorHex: [97, 1F, 61, 68]
16) XorHex - hex: [BF, 97]
16) XorHex - hex: [E2, 1F]
16) XorHex - hex: [BF, 61]
16) XorHex - hex: [90, 68]
16) XorHex - hex: [45, 28]
16) XorHex - hex: [59, FD]
16) XorHex - hex: [FA, DE]
16) XorHex - hex: [B2, F8]
16) XorHex - hex: [A1, 6D]
16) XorHex - hex: [64, A4]
16) XorHex - hex: [80, 24]
16) XorHex - hex: [B4, 4A]
16) XorHex - hex: [F7, CC]
16) XorHex - hex: [F1, C0]
16) XorHex - hex: [CB, A4]
16) XorHex - hex: [D8, FE]
12) aesRoundKeys -  row: 5468617473206D79204B756E67204675
12) aesRoundKeys -  row: E232FCF191129188B159E4E6D679A293
12) aesRoundKeys -  row: 56082007C71AB18F76435569A03AF7FA
12) aesRoundKeys -  row: D2600DE7157ABC686339E901C3031EFB
12) aesRoundKeys -  row: A11202C9B468BEA1D75157A01452495B
12) aesRoundKeys -  row: B1293B3305418592D210D232C6429B69
12) aesRoundKeys -  row: BD3DC287B87C47156A6C9527AC2E0E4E
12) aesRoundKeys -  row: CC96ED1674EAAA031E863F24B2A8316A
12) aesRoundKeys -  row: 8E51EF21FABB4522E43D7A0656954B6C
12) aesRoundKeys -  row: BFE2BF904559FAB2A16480B4F7F1CBD8
12) aesRoundKeys -  row: 28FDDEF86DA4244ACCC0A4FE3B316F26
1) AES: [5468617473206D79204B756E67204675, E232FCF191129188B159E4E6D679A293, 56082007C71AB18F76435569A03AF7FA, D2600DE7157ABC686339E901C3031EFB, A11202C9B468BEA1D75157A01452495B, B1293B3305418592D210D232C6429B69, BD3DC287B87C47156A6C9527AC2E0E4E, CC96ED1674EAAA031E863F24B2A8316A, 8E51EF21FABB4522E43D7A0656954B6C, BFE2BF904559FAB2A16480B4F7F1CBD8, 28FDDEF86DA4244ACCC0A4FE3B316F26]
22) toMatrix - value: 54776F204F6E65204E696E652054776F
22) toMatrix - value: 5468617473206D79204B756E67204675
18) AESStateXOR - sHex: [[54, 77, 6F, 20], [4F, 6E, 65, 20], [4E, 69, 6E, 65], [20, 54, 77, 6F]], keyHex: [[54, 68, 61, 74], [73, 20, 6D, 79], [20, 4B, 75, 6E], [67, 20, 46, 75]]
16) XorHex - hex: [54, 54]
16) XorHex - hex: [77, 68]
16) XorHex - hex: [6F, 61]
16) XorHex - hex: [20, 74]
16) XorHex - hex: [4F, 73]
16) XorHex - hex: [6E, 20]
16) XorHex - hex: [65, 6D]
16) XorHex - hex: [20, 79]
16) XorHex - hex: [4E, 20]
16) XorHex - hex: [69, 4B]
16) XorHex - hex: [6E, 75]
16) XorHex - hex: [65, 6E]
16) XorHex - hex: [20, 67]
16) XorHex - hex: [54, 20]
16) XorHex - hex: [77, 46]
16) XorHex - hex: [6F, 75]
2) AES - state - AESStateXOR: [[00, 1F, 0E, 54], [3C, 4E, 08, 59], [6E, 22, 1B, 0B], [47, 74, 31, 1A]]
19) AESNibbleSub - inHex: [[00, 1F, 0E, 54], [3C, 4E, 08, 59], [6E, 22, 1B, 0B], [47, 74, 31, 1A]]
12) aesSBox - inHex: 00
12) aesSBox - inHex: 1F
12) aesSBox - inHex: 0E
12) aesSBox - inHex: 54
12) aesSBox - inHex: 3C
12) aesSBox - inHex: 4E
12) aesSBox - inHex: 08
12) aesSBox - inHex: 59
12) aesSBox - inHex: 6E
12) aesSBox - inHex: 22
12) aesSBox - inHex: 1B
12) aesSBox - inHex: 0B
12) aesSBox - inHex: 47
12) aesSBox - inHex: 74
12) aesSBox - inHex: 31
12) aesSBox - inHex: 1A
20) AESShiftRow - inStateHex: [[63, C0, AB, 20], [EB, 2F, 30, CB], [9F, 93, AF, 2B], [A0, 92, C7, A2]]
24) AESMixColumn - inStateHex: [[63, 2F, AF, A2], [EB, 93, C7, 20], [9F, 92, AB, CB], [A0, C0, 30, 2B]]
21) GMul - a: 02, b: 63
21) GMul - a: 03, b: 2F
16) XorHex - hex: [C6, 71, AF, A2]
21) GMul - a: 02, b: 2F
21) GMul - a: 03, b: AF
16) XorHex - hex: [63, 5E, EA, A2]
21) GMul - a: 02, b: AF
21) GMul - a: 03, b: A2
16) XorHex - hex: [63, 2F, 45, FD]
21) GMul - a: 03, b: 63
21) GMul - a: 02, b: A2
16) XorHex - hex: [A5, 2F, AF, 5F]
21) GMul - a: 02, b: EB
21) GMul - a: 03, b: 93
16) XorHex - hex: [CD, AE, C7, 20]
21) GMul - a: 02, b: 93
21) GMul - a: 03, b: C7
16) XorHex - hex: [EB, 3D, 52, 20]
21) GMul - a: 02, b: C7
21) GMul - a: 03, b: 20
16) XorHex - hex: [EB, 93, 95, 60]
21) GMul - a: 03, b: EB
21) GMul - a: 02, b: 20
16) XorHex - hex: [26, 93, C7, 40]
21) GMul - a: 02, b: 9F
21) GMul - a: 03, b: 92
16) XorHex - hex: [25, AD, AB, CB]
21) GMul - a: 02, b: 92
21) GMul - a: 03, b: AB
16) XorHex - hex: [9F, 3F, E6, CB]
21) GMul - a: 02, b: AB
21) GMul - a: 03, b: CB
16) XorHex - hex: [9F, 92, 4D, 46]
21) GMul - a: 03, b: 9F
21) GMul - a: 02, b: CB
16) XorHex - hex: [BA, 92, AB, 8D]
21) GMul - a: 02, b: A0
21) GMul - a: 03, b: C0
16) XorHex - hex: [5B, 5B, 30, 2B]
21) GMul - a: 02, b: C0
21) GMul - a: 03, b: 30
16) XorHex - hex: [A0, 9B, 50, 2B]
21) GMul - a: 02, b: 30
21) GMul - a: 03, b: 2B
16) XorHex - hex: [A0, C0, 60, 7D]
21) GMul - a: 03, b: A0
21) GMul - a: 02, b: 2B
16) XorHex - hex: [FB, C0, 30, 56]
22) toMatrix - value: E232FCF191129188B159E4E6D679A293
18) AESStateXOR - sHex: [[BA, 75, F4, 7A], [84, A4, 8D, 32], [E8, 8D, 06, 0E], [1B, 40, 7D, 5D]], keyHex: [[E2, 32, FC, F1], [91, 12, 91, 88], [B1, 59, E4, E6], [D6, 79, A2, 93]]
16) XorHex - hex: [BA, E2]
16) XorHex - hex: [75, 32]
16) XorHex - hex: [F4, FC]
16) XorHex - hex: [7A, F1]
16) XorHex - hex: [84, 91]
16) XorHex - hex: [A4, 12]
16) XorHex - hex: [8D, 91]
16) XorHex - hex: [32, 88]
16) XorHex - hex: [E8, B1]
16) XorHex - hex: [8D, 59]
16) XorHex - hex: [06, E4]
16) XorHex - hex: [0E, E6]
16) XorHex - hex: [1B, D6]
16) XorHex - hex: [40, 79]
16) XorHex - hex: [7D, A2]
16) XorHex - hex: [5D, 93]
19) AESNibbleSub - inHex: [[58, 47, 08, 8B], [15, B6, 1C, BA], [59, D4, E2, E8], [CD, 39, DF, CE]]
12) aesSBox - inHex: 58
12) aesSBox - inHex: 47
12) aesSBox - inHex: 08
12) aesSBox - inHex: 8B
12) aesSBox - inHex: 15
12) aesSBox - inHex: B6
12) aesSBox - inHex: 1C
12) aesSBox - inHex: BA
12) aesSBox - inHex: 59
12) aesSBox - inHex: D4
12) aesSBox - inHex: E2
12) aesSBox - inHex: E8
12) aesSBox - inHex: CD
12) aesSBox - inHex: 39
12) aesSBox - inHex: DF
12) aesSBox - inHex: CE
20) AESShiftRow - inStateHex: [[6A, A0, 30, 3D], [59, 4E, 9C, F4], [CB, 48, 98, 9B], [BD, 12, 9E, 8B]]
24) AESMixColumn - inStateHex: [[6A, 4E, 98, 8B], [59, 48, 9E, 3D], [CB, 12, 30, F4], [BD, A0, 9C, 9B]]
21) GMul - a: 02, b: 6A
21) GMul - a: 03, b: 4E
16) XorHex - hex: [D4, D2, 98, 8B]
21) GMul - a: 02, b: 4E
21) GMul - a: 03, b: 98
16) XorHex - hex: [6A, 9C, B3, 8B]
21) GMul - a: 02, b: 98
21) GMul - a: 03, b: 8B
16) XorHex - hex: [6A, 4E, 2B, 86]
21) GMul - a: 03, b: 6A
21) GMul - a: 02, b: 8B
16) XorHex - hex: [BE, 4E, 98, 0D]
21) GMul - a: 02, b: 59
21) GMul - a: 03, b: 48
16) XorHex - hex: [B2, D8, 9E, 3D]
21) GMul - a: 02, b: 48
21) GMul - a: 03, b: 9E
16) XorHex - hex: [59, 90, B9, 3D]
21) GMul - a: 02, b: 9E
21) GMul - a: 03, b: 3D
16) XorHex - hex: [59, 48, 27, 47]
21) GMul - a: 03, b: 59
21) GMul - a: 02, b: 3D
16) XorHex - hex: [EB, 48, 9E, 7A]
21) GMul - a: 02, b: CB
21) GMul - a: 03, b: 12
16) XorHex - hex: [8D, 36, 30, F4]
21) GMul - a: 02, b: 12
21) GMul - a: 03, b: 30
16) XorHex - hex: [CB, 24, 50, F4]
21) GMul - a: 02, b: 30
21) GMul - a: 03, b: F4
16) XorHex - hex: [CB, 12, 60, 07]
21) GMul - a: 03, b: CB
21) GMul - a: 02, b: F4
16) XorHex - hex: [46, 12, 30, F3]
21) GMul - a: 02, b: BD
21) GMul - a: 03, b: A0
16) XorHex - hex: [61, FB, 9C, 9B]
21) GMul - a: 02, b: A0
21) GMul - a: 03, b: 9C
16) XorHex - hex: [BD, 5B, BF, 9B]
21) GMul - a: 02, b: 9C
21) GMul - a: 03, b: 9B
16) XorHex - hex: [BD, A0, 23, B6]
21) GMul - a: 03, b: BD
21) GMul - a: 02, b: 9B
16) XorHex - hex: [DC, A0, 9C, 2D]
22) toMatrix - value: 56082007C71AB18F76435569A03AF7FA
18) AESStateXOR - sHex: [[15, CE, 89, 65], [C9, 4D, 71, 47], [7F, 4B, BE, 97], [9D, C2, 88, CD]], keyHex: [[56, 08, 20, 07], [C7, 1A, B1, 8F], [76, 43, 55, 69], [A0, 3A, F7, FA]]
16) XorHex - hex: [15, 56]
16) XorHex - hex: [CE, 08]
16) XorHex - hex: [89, 20]
16) XorHex - hex: [65, 07]
16) XorHex - hex: [C9, C7]
16) XorHex - hex: [4D, 1A]
16) XorHex - hex: [71, B1]
16) XorHex - hex: [47, 8F]
16) XorHex - hex: [7F, 76]
16) XorHex - hex: [4B, 43]
16) XorHex - hex: [BE, 55]
16) XorHex - hex: [97, 69]
16) XorHex - hex: [9D, A0]
16) XorHex - hex: [C2, 3A]
16) XorHex - hex: [88, F7]
16) XorHex - hex: [CD, FA]
19) AESNibbleSub - inHex: [[43, C6, A9, 62], [0E, 57, C0, C8], [09, 08, EB, FE], [3D, F8, 7F, 37]]
12) aesSBox - inHex: 43
12) aesSBox - inHex: C6
12) aesSBox - inHex: A9
12) aesSBox - inHex: 62
12) aesSBox - inHex: 0E
12) aesSBox - inHex: 57
12) aesSBox - inHex: C0
12) aesSBox - inHex: C8
12) aesSBox - inHex: 09
12) aesSBox - inHex: 08
12) aesSBox - inHex: EB
12) aesSBox - inHex: FE
12) aesSBox - inHex: 3D
12) aesSBox - inHex: F8
12) aesSBox - inHex: 7F
12) aesSBox - inHex: 37
20) AESShiftRow - inStateHex: [[1A, B4, D3, AA], [AB, 5B, BA, E8], [01, 30, E9, BB], [27, 41, D2, 9A]]
24) AESMixColumn - inStateHex: [[1A, 5B, E9, 9A], [AB, 30, D2, AA], [01, 41, D3, E8], [27, B4, BA, BB]]
21) GMul - a: 02, b: 1A
21) GMul - a: 03, b: 5B
16) XorHex - hex: [34, ED, E9, 9A]
21) GMul - a: 02, b: 5B
21) GMul - a: 03, b: E9
16) XorHex - hex: [1A, B6, 20, 9A]
21) GMul - a: 02, b: E9
21) GMul - a: 03, b: 9A
16) XorHex - hex: [1A, 5B, C9, B5]
21) GMul - a: 03, b: 1A
21) GMul - a: 02, b: 9A
16) XorHex - hex: [2E, 5B, E9, 2F]
21) GMul - a: 02, b: AB
21) GMul - a: 03, b: 30
16) XorHex - hex: [4D, 50, D2, AA]
21) GMul - a: 02, b: 30
21) GMul - a: 03, b: D2
16) XorHex - hex: [AB, 60, 6D, AA]
21) GMul - a: 02, b: D2
21) GMul - a: 03, b: AA
16) XorHex - hex: [AB, 30, BF, E5]
21) GMul - a: 03, b: AB
21) GMul - a: 02, b: AA
16) XorHex - hex: [E6, 30, D2, 4F]
21) GMul - a: 02, b: 01
21) GMul - a: 03, b: 41
16) XorHex - hex: [02, C3, D3, E8]
21) GMul - a: 02, b: 41
21) GMul - a: 03, b: D3
16) XorHex - hex: [01, 82, 6E, E8]
21) GMul - a: 02, b: D3
21) GMul - a: 03, b: E8
16) XorHex - hex: [01, 41, BD, 23]
21) GMul - a: 03, b: 01
21) GMul - a: 02, b: E8
16) XorHex - hex: [03, 41, D3, CB]
21) GMul - a: 02, b: 27
21) GMul - a: 03, b: B4
16) XorHex - hex: [4E, C7, BA, BB]
21) GMul - a: 02, b: B4
21) GMul - a: 03, b: BA
16) XorHex - hex: [27, 73, D5, BB]
21) GMul - a: 02, b: BA
21) GMul - a: 03, b: BB
16) XorHex - hex: [27, B4, 6F, D6]
21) GMul - a: 03, b: 27
21) GMul - a: 02, b: BB
16) XorHex - hex: [69, B4, BA, 6D]
22) toMatrix - value: D2600DE7157ABC686339E901C3031EFB
18) AESStateXOR - sHex: [[AA, 16, 3D, B3], [65, 0C, C1, 4B], [FA, 05, DE, 5A], [88, 3A, 2A, 0A]], keyHex: [[D2, 60, 0D, E7], [15, 7A, BC, 68], [63, 39, E9, 01], [C3, 03, 1E, FB]]
16) XorHex - hex: [AA, D2]
16) XorHex - hex: [16, 60]
16) XorHex - hex: [3D, 0D]
16) XorHex - hex: [B3, E7]
16) XorHex - hex: [65, 15]
16) XorHex - hex: [0C, 7A]
16) XorHex - hex: [C1, BC]
16) XorHex - hex: [4B, 68]
16) XorHex - hex: [FA, 63]
16) XorHex - hex: [05, 39]
16) XorHex - hex: [DE, E9]
16) XorHex - hex: [5A, 01]
16) XorHex - hex: [88, C3]
16) XorHex - hex: [3A, 03]
16) XorHex - hex: [2A, 1E]
16) XorHex - hex: [0A, FB]
19) AESNibbleSub - inHex: [[78, 76, 30, 54], [70, 76, 7D, 23], [99, 3C, 37, 5B], [4B, 39, 34, F1]]
12) aesSBox - inHex: 78
12) aesSBox - inHex: 76
12) aesSBox - inHex: 30
12) aesSBox - inHex: 54
12) aesSBox - inHex: 70
12) aesSBox - inHex: 76
12) aesSBox - inHex: 7D
12) aesSBox - inHex: 23
12) aesSBox - inHex: 99
12) aesSBox - inHex: 3C
12) aesSBox - inHex: 37
12) aesSBox - inHex: 5B
12) aesSBox - inHex: 4B
12) aesSBox - inHex: 39
12) aesSBox - inHex: 34
12) aesSBox - inHex: F1
20) AESShiftRow - inStateHex: [[BC, 38, 04, 20], [51, 38, FF, 26], [EE, EB, 9A, 39], [B3, 12, 18, A1]]
24) AESMixColumn - inStateHex: [[BC, 38, 9A, A1], [51, EB, 18, 20], [EE, 12, 04, 26], [B3, 38, FF, 39]]
21) GMul - a: 02, b: BC
21) GMul - a: 03, b: 38
16) XorHex - hex: [63, 48, 9A, A1]
21) GMul - a: 02, b: 38
21) GMul - a: 03, b: 9A
16) XorHex - hex: [BC, 70, B5, A1]
21) GMul - a: 02, b: 9A
21) GMul - a: 03, b: A1
16) XorHex - hex: [BC, 38, 2F, F8]
21) GMul - a: 03, b: BC
21) GMul - a: 02, b: A1
16) XorHex - hex: [DF, 38, 9A, 59]
21) GMul - a: 02, b: 51
21) GMul - a: 03, b: EB
16) XorHex - hex: [A2, 26, 18, 20]
21) GMul - a: 02, b: EB
21) GMul - a: 03, b: 18
16) XorHex - hex: [51, CD, 28, 20]
21) GMul - a: 02, b: 18
21) GMul - a: 03, b: 20
16) XorHex - hex: [51, EB, 30, 60]
21) GMul - a: 03, b: 51
21) GMul - a: 02, b: 20
16) XorHex - hex: [F3, EB, 18, 40]
21) GMul - a: 02, b: EE
21) GMul - a: 03, b: 12
16) XorHex - hex: [C7, 36, 04, 26]
21) GMul - a: 02, b: 12
21) GMul - a: 03, b: 04
16) XorHex - hex: [EE, 24, 0C, 26]
21) GMul - a: 02, b: 04
21) GMul - a: 03, b: 26
16) XorHex - hex: [EE, 12, 08, 6A]
21) GMul - a: 03, b: EE
21) GMul - a: 02, b: 26
16) XorHex - hex: [29, 12, 04, 4C]
21) GMul - a: 02, b: B3
21) GMul - a: 03, b: 38
16) XorHex - hex: [7D, 48, FF, 39]
21) GMul - a: 02, b: 38
21) GMul - a: 03, b: FF
16) XorHex - hex: [B3, 70, 1A, 39]
21) GMul - a: 02, b: FF
21) GMul - a: 03, b: 39
16) XorHex - hex: [B3, 38, E5, 4B]
21) GMul - a: 03, b: B3
21) GMul - a: 02, b: 39
16) XorHex - hex: [CE, 38, FF, 72]
22) toMatrix - value: A11202C9B468BEA1D75157A01452495B
18) AESStateXOR - sHex: [[10, D8, 53, 24], [BC, 94, EA, 40], [D3, E0, 9E, 73], [F3, E0, 25, 7B]], keyHex: [[A1, 12, 02, C9], [B4, 68, BE, A1], [D7, 51, 57, A0], [14, 52, 49, 5B]]
16) XorHex - hex: [10, A1]
16) XorHex - hex: [D8, 12]
16) XorHex - hex: [53, 02]
16) XorHex - hex: [24, C9]
16) XorHex - hex: [BC, B4]
16) XorHex - hex: [94, 68]
16) XorHex - hex: [EA, BE]
16) XorHex - hex: [40, A1]
16) XorHex - hex: [D3, D7]
16) XorHex - hex: [E0, 51]
16) XorHex - hex: [9E, 57]
16) XorHex - hex: [73, A0]
16) XorHex - hex: [F3, 14]
16) XorHex - hex: [E0, 52]
16) XorHex - hex: [25, 49]
16) XorHex - hex: [7B, 5B]
19) AESNibbleSub - inHex: [[B1, CA, 51, ED], [08, FC, 54, E1], [04, B1, C9, D3], [E7, B2, 6C, 20]]
12) aesSBox - inHex: B1
12) aesSBox - inHex: CA
12) aesSBox - inHex: 51
12) aesSBox - inHex: ED
12) aesSBox - inHex: 08
12) aesSBox - inHex: FC
12) aesSBox - inHex: 54
12) aesSBox - inHex: E1
12) aesSBox - inHex: 04
12) aesSBox - inHex: B1
12) aesSBox - inHex: C9
12) aesSBox - inHex: D3
12) aesSBox - inHex: E7
12) aesSBox - inHex: B2
12) aesSBox - inHex: 6C
12) aesSBox - inHex: 20
20) AESShiftRow - inStateHex: [[C8, 74, D1, 55], [30, B0, 20, F8], [F2, C8, DD, 66], [94, 37, 50, B7]]
24) AESMixColumn - inStateHex: [[C8, B0, DD, B7], [30, C8, 50, 55], [F2, 37, D1, F8], [94, 74, 20, 66]]
21) GMul - a: 02, b: C8
21) GMul - a: 03, b: B0
16) XorHex - hex: [8B, CB, DD, B7]
21) GMul - a: 02, b: B0
21) GMul - a: 03, b: DD
16) XorHex - hex: [C8, 7B, 7C, B7]
21) GMul - a: 02, b: DD
21) GMul - a: 03, b: B7
16) XorHex - hex: [C8, B0, A1, C2]
21) GMul - a: 03, b: C8
21) GMul - a: 02, b: B7
16) XorHex - hex: [43, B0, DD, 75]
21) GMul - a: 02, b: 30
21) GMul - a: 03, b: C8
16) XorHex - hex: [60, 43, 50, 55]
21) GMul - a: 02, b: C8
21) GMul - a: 03, b: 50
16) XorHex - hex: [30, 8B, F0, 55]
21) GMul - a: 02, b: 50
21) GMul - a: 03, b: 55
16) XorHex - hex: [30, C8, A0, FF]
21) GMul - a: 03, b: 30
21) GMul - a: 02, b: 55
16) XorHex - hex: [50, C8, 50, AA]
21) GMul - a: 02, b: F2
21) GMul - a: 03, b: 37
16) XorHex - hex: [FF, 59, D1, F8]
21) GMul - a: 02, b: 37
21) GMul - a: 03, b: D1
16) XorHex - hex: [F2, 6E, 68, F8]
21) GMul - a: 02, b: D1
21) GMul - a: 03, b: F8
16) XorHex - hex: [F2, 37, B9, 13]
21) GMul - a: 03, b: F2
21) GMul - a: 02, b: F8
16) XorHex - hex: [0D, 37, D1, EB]
21) GMul - a: 02, b: 94
21) GMul - a: 03, b: 74
16) XorHex - hex: [33, 9C, 20, 66]
21) GMul - a: 02, b: 74
21) GMul - a: 03, b: 20
16) XorHex - hex: [94, E8, 60, 66]
21) GMul - a: 02, b: 20
21) GMul - a: 03, b: 66
16) XorHex - hex: [94, 74, 40, AA]
21) GMul - a: 03, b: 94
21) GMul - a: 02, b: 66
16) XorHex - hex: [A7, 74, 20, CC]
22) toMatrix - value: B1293B3305418592D210D232C6429B69
18) AESStateXOR - sHex: [[2A, 78, 1B, 5B], [26, 1E, A7, 62], [8F, 0C, 6F, 00], [E9, 7A, 0A, 3F]], keyHex: [[B1, 29, 3B, 33], [05, 41, 85, 92], [D2, 10, D2, 32], [C6, 42, 9B, 69]]
16) XorHex - hex: [2A, B1]
16) XorHex - hex: [78, 29]
16) XorHex - hex: [1B, 3B]
16) XorHex - hex: [5B, 33]
16) XorHex - hex: [26, 05]
16) XorHex - hex: [1E, 41]
16) XorHex - hex: [A7, 85]
16) XorHex - hex: [62, 92]
16) XorHex - hex: [8F, D2]
16) XorHex - hex: [0C, 10]
16) XorHex - hex: [6F, D2]
16) XorHex - hex: [00, 32]
16) XorHex - hex: [E9, C6]
16) XorHex - hex: [7A, 42]
16) XorHex - hex: [0A, 9B]
16) XorHex - hex: [3F, 69]
19) AESNibbleSub - inHex: [[9B, 51, 20, 68], [23, 5F, 22, F0], [5D, 1C, BD, 32], [2F, 38, 91, 56]]
12) aesSBox - inHex: 9B
12) aesSBox - inHex: 51
12) aesSBox - inHex: 20
12) aesSBox - inHex: 68
12) aesSBox - inHex: 23
12) aesSBox - inHex: 5F
12) aesSBox - inHex: 22
12) aesSBox - inHex: F0
12) aesSBox - inHex: 5D
12) aesSBox - inHex: 1C
12) aesSBox - inHex: BD
12) aesSBox - inHex: 32
12) aesSBox - inHex: 2F
12) aesSBox - inHex: 38
12) aesSBox - inHex: 91
12) aesSBox - inHex: 56
20) AESShiftRow - inStateHex: [[14, D1, B7, 45], [26, CF, 93, 8C], [4C, 9C, 7A, 23], [15, 07, 81, B1]]
24) AESMixColumn - inStateHex: [[14, CF, 7A, B1], [26, 9C, 81, 45], [4C, 07, B7, 8C], [15, D1, 93, 23]]
21) GMul - a: 02, b: 14
21) GMul - a: 03, b: CF
16) XorHex - hex: [28, 4A, 7A, B1]
21) GMul - a: 02, b: CF
21) GMul - a: 03, b: 7A
16) XorHex - hex: [14, 85, 8E, B1]
21) GMul - a: 02, b: 7A
21) GMul - a: 03, b: B1
16) XorHex - hex: [14, CF, F4, C8]
21) GMul - a: 03, b: 14
21) GMul - a: 02, b: B1
16) XorHex - hex: [3C, CF, 7A, 79]
21) GMul - a: 02, b: 26
21) GMul - a: 03, b: 9C
16) XorHex - hex: [4C, BF, 81, 45]
21) GMul - a: 02, b: 9C
21) GMul - a: 03, b: 81
16) XorHex - hex: [26, 23, 98, 45]
21) GMul - a: 02, b: 81
21) GMul - a: 03, b: 45
16) XorHex - hex: [26, 9C, 19, CF]
21) GMul - a: 03, b: 26
21) GMul - a: 02, b: 45
16) XorHex - hex: [6A, 9C, 81, 8A]
21) GMul - a: 02, b: 4C
21) GMul - a: 03, b: 07
16) XorHex - hex: [98, 09, B7, 8C]
21) GMul - a: 02, b: 07
21) GMul - a: 03, b: B7
16) XorHex - hex: [4C, 0E, C2, 8C]
21) GMul - a: 02, b: B7
21) GMul - a: 03, b: 8C
16) XorHex - hex: [4C, 07, 75, 8F]
21) GMul - a: 03, b: 4C
21) GMul - a: 02, b: 8C
16) XorHex - hex: [D4, 07, B7, 03]
21) GMul - a: 02, b: 15
21) GMul - a: 03, b: D1
16) XorHex - hex: [2A, 68, 93, 23]
21) GMul - a: 02, b: D1
21) GMul - a: 03, b: 93
16) XorHex - hex: [15, B9, AE, 23]
21) GMul - a: 02, b: 93
21) GMul - a: 03, b: 23
16) XorHex - hex: [15, D1, 3D, 65]
21) GMul - a: 03, b: 15
21) GMul - a: 02, b: 23
16) XorHex - hex: [3F, D1, 93, 46]
22) toMatrix - value: BD3DC287B87C47156A6C9527AC2E0E4E
18) AESStateXOR - sHex: [[A9, AE, E7, F0], [37, D8, 6C, FD], [AA, 0C, B1, 67], [F2, 21, 9C, 3B]], keyHex: [[BD, 3D, C2, 87], [B8, 7C, 47, 15], [6A, 6C, 95, 27], [AC, 2E, 0E, 4E]]
16) XorHex - hex: [A9, BD]
16) XorHex - hex: [AE, 3D]
16) XorHex - hex: [E7, C2]
16) XorHex - hex: [F0, 87]
16) XorHex - hex: [37, B8]
16) XorHex - hex: [D8, 7C]
16) XorHex - hex: [6C, 47]
16) XorHex - hex: [FD, 15]
16) XorHex - hex: [AA, 6A]
16) XorHex - hex: [0C, 6C]
16) XorHex - hex: [B1, 95]
16) XorHex - hex: [67, 27]
16) XorHex - hex: [F2, AC]
16) XorHex - hex: [21, 2E]
16) XorHex - hex: [9C, 0E]
16) XorHex - hex: [3B, 4E]
19) AESNibbleSub - inHex: [[14, 93, 25, 77], [8F, A4, 2B, E8], [C0, 60, 24, 40], [5E, 0F, 92, 75]]
12) aesSBox - inHex: 14
12) aesSBox - inHex: 93
12) aesSBox - inHex: 25
12) aesSBox - inHex: 77
12) aesSBox - inHex: 8F
12) aesSBox - inHex: A4
12) aesSBox - inHex: 2B
12) aesSBox - inHex: E8
12) aesSBox - inHex: C0
12) aesSBox - inHex: 60
12) aesSBox - inHex: 24
12) aesSBox - inHex: 40
12) aesSBox - inHex: 5E
12) aesSBox - inHex: 0F
12) aesSBox - inHex: 92
12) aesSBox - inHex: 75
20) AESShiftRow - inStateHex: [[FA, DC, 3F, F5], [73, 49, F1, 9B], [BA, D0, 36, 09], [58, 76, 4F, 9D]]
24) AESMixColumn - inStateHex: [[FA, 49, 36, 9D], [73, D0, 4F, F5], [BA, 76, 3F, 9B], [58, DC, F1, 09]]
21) GMul - a: 02, b: FA
21) GMul - a: 03, b: 49
16) XorHex - hex: [EF, DB, 36, 9D]
21) GMul - a: 02, b: 49
21) GMul - a: 03, b: 36
16) XorHex - hex: [FA, 92, 5A, 9D]
21) GMul - a: 02, b: 36
21) GMul - a: 03, b: 9D
16) XorHex - hex: [FA, 49, 6C, BC]
21) GMul - a: 03, b: FA
21) GMul - a: 02, b: 9D
16) XorHex - hex: [15, 49, 36, 21]
21) GMul - a: 02, b: 73
21) GMul - a: 03, b: D0
16) XorHex - hex: [E6, 6B, 4F, F5]
21) GMul - a: 02, b: D0
21) GMul - a: 03, b: 4F
16) XorHex - hex: [73, BB, D1, F5]
21) GMul - a: 02, b: 4F
21) GMul - a: 03, b: F5
16) XorHex - hex: [73, D0, 9E, 04]
21) GMul - a: 03, b: 73
21) GMul - a: 02, b: F5
16) XorHex - hex: [95, D0, 4F, F1]
21) GMul - a: 02, b: BA
21) GMul - a: 03, b: 76
16) XorHex - hex: [6F, 9A, 3F, 9B]
21) GMul - a: 02, b: 76
21) GMul - a: 03, b: 3F
16) XorHex - hex: [BA, EC, 41, 9B]
21) GMul - a: 02, b: 3F
21) GMul - a: 03, b: 9B
16) XorHex - hex: [BA, 76, 7E, B6]
21) GMul - a: 03, b: BA
21) GMul - a: 02, b: 9B
16) XorHex - hex: [D5, 76, 3F, 2D]
21) GMul - a: 02, b: 58
21) GMul - a: 03, b: DC
16) XorHex - hex: [B0, 7F, F1, 09]
21) GMul - a: 02, b: DC
21) GMul - a: 03, b: F1
16) XorHex - hex: [58, A3, 08, 09]
21) GMul - a: 02, b: F1
21) GMul - a: 03, b: 09
16) XorHex - hex: [58, DC, F9, 1B]
21) GMul - a: 03, b: 58
21) GMul - a: 02, b: 09
16) XorHex - hex: [E8, DC, F1, 12]
22) toMatrix - value: CC96ED1674EAAA031E863F24B2A8316A
18) AESStateXOR - sHex: [[9F, AF, 63, 4B], [37, EC, 39, FB], [51, 8C, 04, B1], [37, FA, 66, D7]], keyHex: [[CC, 96, ED, 16], [74, EA, AA, 03], [1E, 86, 3F, 24], [B2, A8, 31, 6A]]
16) XorHex - hex: [9F, CC]
16) XorHex - hex: [AF, 96]
16) XorHex - hex: [63, ED]
16) XorHex - hex: [4B, 16]
16) XorHex - hex: [37, 74]
16) XorHex - hex: [EC, EA]
16) XorHex - hex: [39, AA]
16) XorHex - hex: [FB, 03]
16) XorHex - hex: [51, 1E]
16) XorHex - hex: [8C, 86]
16) XorHex - hex: [04, 3F]
16) XorHex - hex: [B1, 24]
16) XorHex - hex: [37, B2]
16) XorHex - hex: [FA, A8]
16) XorHex - hex: [66, 31]
16) XorHex - hex: [D7, 6A]
19) AESNibbleSub - inHex: [[53, 39, 8E, 5D], [43, 06, 93, F8], [4F, 0A, 3B, 95], [85, 52, 57, BD]]
12) aesSBox - inHex: 53
12) aesSBox - inHex: 39
12) aesSBox - inHex: 8E
12) aesSBox - inHex: 5D
12) aesSBox - inHex: 43
12) aesSBox - inHex: 06
12) aesSBox - inHex: 93
12) aesSBox - inHex: F8
12) aesSBox - inHex: 4F
12) aesSBox - inHex: 0A
12) aesSBox - inHex: 3B
12) aesSBox - inHex: 95
12) aesSBox - inHex: 85
12) aesSBox - inHex: 52
12) aesSBox - inHex: 57
12) aesSBox - inHex: BD
20) AESShiftRow - inStateHex: [[ED, 12, 19, 4C], [1A, 6F, DC, 41], [84, 67, E2, 2A], [97, 00, 5B, 7A]]
24) AESMixColumn - inStateHex: [[ED, 6F, E2, 7A], [1A, 67, 5B, 4C], [84, 00, 19, 41], [97, 12, DC, 2A]]
21) GMul - a: 02, b: ED
21) GMul - a: 03, b: 6F
16) XorHex - hex: [C1, B1, E2, 7A]
21) GMul - a: 02, b: 6F
21) GMul - a: 03, b: E2
16) XorHex - hex: [ED, DE, 3D, 7A]
21) GMul - a: 02, b: E2
21) GMul - a: 03, b: 7A
16) XorHex - hex: [ED, 6F, DF, 8E]
21) GMul - a: 03, b: ED
21) GMul - a: 02, b: 7A
16) XorHex - hex: [2C, 6F, E2, F4]
21) GMul - a: 02, b: 1A
21) GMul - a: 03, b: 67
16) XorHex - hex: [34, A9, 5B, 4C]
21) GMul - a: 02, b: 67
21) GMul - a: 03, b: 5B
16) XorHex - hex: [1A, CE, ED, 4C]
21) GMul - a: 02, b: 5B
21) GMul - a: 03, b: 4C
16) XorHex - hex: [1A, 67, B6, D4]
21) GMul - a: 03, b: 1A
21) GMul - a: 02, b: 4C
16) XorHex - hex: [2E, 67, 5B, 98]
21) GMul - a: 02, b: 84
21) GMul - a: 03, b: 00
16) XorHex - hex: [13, 00, 19, 41]
21) GMul - a: 02, b: 00
21) GMul - a: 03, b: 19
16) XorHex - hex: [84, 00, 2B, 41]
21) GMul - a: 02, b: 19
21) GMul - a: 03, b: 41
16) XorHex - hex: [84, 00, 32, C3]
21) GMul - a: 03, b: 84
21) GMul - a: 02, b: 41
16) XorHex - hex: [97, 00, 19, 82]
21) GMul - a: 02, b: 97
21) GMul - a: 03, b: 12
16) XorHex - hex: [35, 36, DC, 2A]
21) GMul - a: 02, b: 12
21) GMul - a: 03, b: DC
16) XorHex - hex: [97, 24, 7F, 2A]
21) GMul - a: 02, b: DC
21) GMul - a: 03, b: 2A
16) XorHex - hex: [97, 12, A3, 7E]
21) GMul - a: 03, b: 97
21) GMul - a: 02, b: 2A
16) XorHex - hex: [A2, 12, DC, 54]
22) toMatrix - value: 8E51EF21FABB4522E43D7A0656954B6C
18) AESStateXOR - sHex: [[E8, 74, D3, 55], [8A, 75, 1F, 8A], [4B, EE, 75, 0C], [F5, E6, 58, 38]], keyHex: [[8E, 51, EF, 21], [FA, BB, 45, 22], [E4, 3D, 7A, 06], [56, 95, 4B, 6C]]
16) XorHex - hex: [E8, 8E]
16) XorHex - hex: [74, 51]
16) XorHex - hex: [D3, EF]
16) XorHex - hex: [55, 21]
16) XorHex - hex: [8A, FA]
16) XorHex - hex: [75, BB]
16) XorHex - hex: [1F, 45]
16) XorHex - hex: [8A, 22]
16) XorHex - hex: [4B, E4]
16) XorHex - hex: [EE, 3D]
16) XorHex - hex: [75, 7A]
16) XorHex - hex: [0C, 06]
16) XorHex - hex: [F5, 56]
16) XorHex - hex: [E6, 95]
16) XorHex - hex: [58, 4B]
16) XorHex - hex: [38, 6C]
19) AESNibbleSub - inHex: [[66, 25, 3C, 74], [70, CE, 5A, A8], [AF, D3, 0F, 0A], [A3, 73, 13, 54]]
12) aesSBox - inHex: 66
12) aesSBox - inHex: 25
12) aesSBox - inHex: 3C
12) aesSBox - inHex: 74
12) aesSBox - inHex: 70
12) aesSBox - inHex: CE
12) aesSBox - inHex: 5A
12) aesSBox - inHex: A8
12) aesSBox - inHex: AF
12) aesSBox - inHex: D3
12) aesSBox - inHex: 0F
12) aesSBox - inHex: 0A
12) aesSBox - inHex: A3
12) aesSBox - inHex: 73
12) aesSBox - inHex: 13
12) aesSBox - inHex: 54
20) AESShiftRow - inStateHex: [[33, 3F, EB, 92], [51, 8B, BE, C2], [79, 66, 76, 67], [0A, 8F, 7D, 20]]
24) AESMixColumn - inStateHex: [[33, 8B, 76, 20], [51, 66, 7D, 92], [79, 8F, EB, C2], [0A, 3F, BE, 67]]
21) GMul - a: 02, b: 33
21) GMul - a: 03, b: 8B
16) XorHex - hex: [66, 86, 76, 20]
21) GMul - a: 02, b: 8B
21) GMul - a: 03, b: 76
16) XorHex - hex: [33, 0D, 9A, 20]
21) GMul - a: 02, b: 76
21) GMul - a: 03, b: 20
16) XorHex - hex: [33, 8B, EC, 60]
21) GMul - a: 03, b: 33
21) GMul - a: 02, b: 20
16) XorHex - hex: [55, 8B, 76, 40]
21) GMul - a: 02, b: 51
21) GMul - a: 03, b: 66
16) XorHex - hex: [A2, AA, 7D, 92]
21) GMul - a: 02, b: 66
21) GMul - a: 03, b: 7D
16) XorHex - hex: [51, CC, 87, 92]
21) GMul - a: 02, b: 7D
21) GMul - a: 03, b: 92
16) XorHex - hex: [51, 66, FA, AD]
21) GMul - a: 03, b: 51
21) GMul - a: 02, b: 92
16) XorHex - hex: [F3, 66, 7D, 3F]
21) GMul - a: 02, b: 79
21) GMul - a: 03, b: 8F
16) XorHex - hex: [F2, 8A, EB, C2]
21) GMul - a: 02, b: 8F
21) GMul - a: 03, b: EB
16) XorHex - hex: [79, 05, 26, C2]
21) GMul - a: 02, b: EB
21) GMul - a: 03, b: C2
16) XorHex - hex: [79, 8F, CD, 5D]
21) GMul - a: 03, b: 79
21) GMul - a: 02, b: C2
16) XorHex - hex: [8B, 8F, EB, 9F]
21) GMul - a: 02, b: 0A
21) GMul - a: 03, b: 3F
16) XorHex - hex: [14, 41, BE, 67]
21) GMul - a: 02, b: 3F
21) GMul - a: 03, b: BE
16) XorHex - hex: [0A, 7E, D9, 67]
21) GMul - a: 02, b: BE
21) GMul - a: 03, b: 67
16) XorHex - hex: [0A, 3F, 67, A9]
21) GMul - a: 03, b: 0A
21) GMul - a: 02, b: 67
16) XorHex - hex: [1E, 3F, BE, CE]
22) toMatrix - value: BFE2BF904559FAB2A16480B4F7F1CBD8
18) AESStateXOR - sHex: [[B6, 84, 34, E8], [E7, 88, 60, D7], [51, 98, 66, 70], [8C, CA, FB, 51]], keyHex: [[BF, E2, BF, 90], [45, 59, FA, B2], [A1, 64, 80, B4], [F7, F1, CB, D8]]
16) XorHex - hex: [B6, BF]
16) XorHex - hex: [84, E2]
16) XorHex - hex: [34, BF]
16) XorHex - hex: [E8, 90]
16) XorHex - hex: [E7, 45]
16) XorHex - hex: [88, 59]
16) XorHex - hex: [60, FA]
16) XorHex - hex: [D7, B2]
16) XorHex - hex: [51, A1]
16) XorHex - hex: [98, 64]
16) XorHex - hex: [66, 80]
16) XorHex - hex: [70, B4]
16) XorHex - hex: [8C, F7]
16) XorHex - hex: [CA, F1]
16) XorHex - hex: [FB, CB]
16) XorHex - hex: [51, D8]
19) AESNibbleSub - inHex: [[09, 66, 8B, 78], [A2, D1, 9A, 65], [F0, FC, E6, C4], [7B, 3B, 30, 89]]
12) aesSBox - inHex: 09
12) aesSBox - inHex: 66
12) aesSBox - inHex: 8B
12) aesSBox - inHex: 78
12) aesSBox - inHex: A2
12) aesSBox - inHex: D1
12) aesSBox - inHex: 9A
12) aesSBox - inHex: 65
12) aesSBox - inHex: F0
12) aesSBox - inHex: FC
12) aesSBox - inHex: E6
12) aesSBox - inHex: C4
12) aesSBox - inHex: 7B
12) aesSBox - inHex: 3B
12) aesSBox - inHex: 30
12) aesSBox - inHex: 89
3) AES - state - AESNibbleSub: [[01, 33, 3D, BC], [3A, 3E, B8, 4D], [8C, B0, 8E, 1C], [21, E2, 04, A7]]
20) AESShiftRow - inStateHex: [[01, 33, 3D, BC], [3A, 3E, B8, 4D], [8C, B0, 8E, 1C], [21, E2, 04, A7]]
4) AES - state - AESShiftRow: [[01, 3E, 8E, A7], [3A, B0, 04, BC], [8C, E2, 3D, 4D], [21, 33, B8, 1C]]
22) toMatrix - value: 28FDDEF86DA4244ACCC0A4FE3B316F26
18) AESStateXOR - sHex: [[01, 3E, 8E, A7], [3A, B0, 04, BC], [8C, E2, 3D, 4D], [21, 33, B8, 1C]], keyHex: [[28, FD, DE, F8], [6D, A4, 24, 4A], [CC, C0, A4, FE], [3B, 31, 6F, 26]]
16) XorHex - hex: [01, 28]
16) XorHex - hex: [3E, FD]
16) XorHex - hex: [8E, DE]
16) XorHex - hex: [A7, F8]
16) XorHex - hex: [3A, 6D]
16) XorHex - hex: [B0, A4]
16) XorHex - hex: [04, 24]
16) XorHex - hex: [BC, 4A]
16) XorHex - hex: [8C, CC]
16) XorHex - hex: [E2, C0]
16) XorHex - hex: [3D, A4]
16) XorHex - hex: [4D, FE]
16) XorHex - hex: [21, 3B]
16) XorHex - hex: [33, 31]
16) XorHex - hex: [B8, 6F]
16) XorHex - hex: [1C, 26]
5) AES - state - AESStateXOR: [[29, C3, 50, 5F], [57, 14, 20, F6], [40, 22, 99, B3], [1A, 02, D7, 3A]]
23) fromMatrix - value: [[29, C3, 50, 5F], [57, 14, 20, F6], [40, 22, 99, B3], [1A, 02, D7, 3A]]
29C3505F571420F6402299B31A02D73A
